<?xml version="1.0" encoding="UTF-8"?>
<testng-results skipped="0" failed="1" ignored="0" total="3" passed="2">
  <reporter-output>
  </reporter-output>
  <suite name="Default suite" duration-ms="33406" started-at="2019-04-11T11:31:40Z" finished-at="2019-04-11T11:32:13Z">
    <groups>
    </groups>
    <test name="Default test" duration-ms="33406" started-at="2019-04-11T11:31:40Z" finished-at="2019-04-11T11:32:13Z">
      <class name="com.cjc.log4jDemo.MercuryTest">
        <test-method status="PASS" signature="openBrowser()[pri:1, instance:com.cjc.log4jDemo.MercuryTest@239963d8]" name="openBrowser" duration-ms="15981" started-at="2019-04-11T11:31:40Z" finished-at="2019-04-11T11:31:56Z">
          <reporter-output>
          </reporter-output>
        </test-method> <!-- openBrowser -->
        <test-method status="PASS" signature="captureScreenshot()[pri:0, instance:com.cjc.log4jDemo.MercuryTest@239963d8]" name="captureScreenshot" is-config="true" duration-ms="1517" started-at="2019-04-11T11:31:56Z" finished-at="2019-04-11T11:31:57Z">
          <reporter-output>
          </reporter-output>
        </test-method> <!-- captureScreenshot -->
        <test-method status="PASS" signature="enterApplUrl()[pri:2, instance:com.cjc.log4jDemo.MercuryTest@239963d8]" name="enterApplUrl" duration-ms="14970" started-at="2019-04-11T11:31:57Z" finished-at="2019-04-11T11:32:12Z">
          <reporter-output>
          </reporter-output>
        </test-method> <!-- enterApplUrl -->
        <test-method status="PASS" signature="captureScreenshot()[pri:0, instance:com.cjc.log4jDemo.MercuryTest@239963d8]" name="captureScreenshot" is-config="true" duration-ms="420" started-at="2019-04-11T11:32:12Z" finished-at="2019-04-11T11:32:13Z">
          <reporter-output>
          </reporter-output>
        </test-method> <!-- captureScreenshot -->
        <test-method status="FAIL" signature="loginwithValidDetails()[pri:3, instance:com.cjc.log4jDemo.MercuryTest@239963d8]" name="loginwithValidDetails" duration-ms="50" started-at="2019-04-11T11:32:13Z" finished-at="2019-04-11T11:32:13Z">
          <exception class="java.lang.AssertionError">
            <message>
              <![CDATA[expected [Welcome: Mercury Tours] but found [newtours.demoaut.com]]]>
            </message>
            <full-stacktrace>
              <![CDATA[java.lang.AssertionError: expected [Welcome: Mercury Tours] but found [newtours.demoaut.com]
at org.testng.Assert.fail(Assert.java:96)
at org.testng.Assert.failNotEquals(Assert.java:776)
at org.testng.Assert.assertEqualsImpl(Assert.java:137)
at org.testng.Assert.assertEquals(Assert.java:118)
at org.testng.Assert.assertEquals(Assert.java:453)
at org.testng.Assert.assertEquals(Assert.java:463)
at com.cjc.log4jDemo.MercuryTest.loginwithValidDetails(MercuryTest.java:47)
at sun.reflect.NativeMethodAccessorImpl.invoke0(Native Method)
at sun.reflect.NativeMethodAccessorImpl.invoke(NativeMethodAccessorImpl.java:62)
at sun.reflect.DelegatingMethodAccessorImpl.invoke(DelegatingMethodAccessorImpl.java:43)
at java.lang.reflect.Method.invoke(Method.java:498)
at org.testng.internal.MethodInvocationHelper.invokeMethod(MethodInvocationHelper.java:124)
at org.testng.internal.Invoker.invokeMethod(Invoker.java:583)
at org.testng.internal.Invoker.invokeTestMethod(Invoker.java:719)
at org.testng.internal.Invoker.invokeTestMethods(Invoker.java:989)
at org.testng.internal.TestMethodWorker.invokeTestMethods(TestMethodWorker.java:125)
at org.testng.internal.TestMethodWorker.run(TestMethodWorker.java:109)
at org.testng.TestRunner.privateRun(TestRunner.java:648)
at org.testng.TestRunner.run(TestRunner.java:505)
at org.testng.SuiteRunner.runTest(SuiteRunner.java:455)
at org.testng.SuiteRunner.runSequentially(SuiteRunner.java:450)
at org.testng.SuiteRunner.privateRun(SuiteRunner.java:415)
at org.testng.SuiteRunner.run(SuiteRunner.java:364)
at org.testng.SuiteRunnerWorker.runSuite(SuiteRunnerWorker.java:52)
at org.testng.SuiteRunnerWorker.run(SuiteRunnerWorker.java:84)
at org.testng.TestNG.runSuitesSequentially(TestNG.java:1208)
at org.testng.TestNG.runSuitesLocally(TestNG.java:1137)
at org.testng.TestNG.runSuites(TestNG.java:1049)
at org.testng.TestNG.run(TestNG.java:1017)
at org.testng.remote.AbstractRemoteTestNG.run(AbstractRemoteTestNG.java:114)
at org.testng.remote.RemoteTestNG.initAndRun(RemoteTestNG.java:251)
at org.testng.remote.RemoteTestNG.main(RemoteTestNG.java:77)
]]>
            </full-stacktrace>
          </exception> <!-- java.lang.AssertionError -->
          <reporter-output>
          </reporter-output>
        </test-method> <!-- loginwithValidDetails -->
        <test-method status="PASS" signature="captureScreenshot()[pri:0, instance:com.cjc.log4jDemo.MercuryTest@239963d8]" name="captureScreenshot" is-config="true" duration-ms="375" started-at="2019-04-11T11:32:13Z" finished-at="2019-04-11T11:32:13Z">
          <reporter-output>
          </reporter-output>
        </test-method> <!-- captureScreenshot -->
      </class> <!-- com.cjc.log4jDemo.MercuryTest -->
    </test> <!-- Default test -->
  </suite> <!-- Default suite -->
</testng-results>
